<?xml version="1.0" encoding="UTF-8"?>
<testng-results ignored="0" total="1" passed="1" failed="0" skipped="0">
  <reporter-output>
    <line>
      <![CDATA[successfully proceeded to General Discusion page]]>
    </line>
    <line>
      <![CDATA[username entered]]>
    </line>
    <line>
      <![CDATA[password entered]]>
    </line>
    <line>
      <![CDATA[button clicked]]>
    </line>
    <line>
      <![CDATA[login successful]]>
    </line>
    <line>
      <![CDATA[Button Clicked]]>
    </line>
    <line>
      <![CDATA[Button Clicked]]>
    </line>
    <line>
      <![CDATA[discussion created successful]]>
    </line>
    <line>
      <![CDATA[general]]>
    </line>
  </reporter-output>
  <suite started-at="2023-08-19T02:16:58 ICT" name="Default suite" finished-at="2023-08-19T02:17:09 ICT" duration-ms="10343">
    <groups>
      <group name="case 1">
        <method signature="Testcase_ChangeCatergory.test()[pri:0, instance:testcase.Testcase_ChangeCatergory@3b0fe47a]" name="test" class="testcase.Testcase_ChangeCatergory"/>
      </group> <!-- case 1 -->
    </groups>
    <test started-at="2023-08-19T02:16:58 ICT" name="Default test" finished-at="2023-08-19T02:17:09 ICT" duration-ms="10343">
      <class name="testcase.Testcase_ChangeCatergory">
        <test-method is-config="true" signature="testSetup()[pri:0, instance:testcase.Testcase_ChangeCatergory@3b0fe47a]" started-at="2023-08-19T02:16:58 ICT" name="testSetup" finished-at="2023-08-19T02:17:01 ICT" duration-ms="2158" status="PASS">
          <reporter-output>
            <line>
              <![CDATA[successfully proceeded to General Discusion page]]>
            </line>
          </reporter-output>
        </test-method> <!-- testSetup -->
        <test-method signature="test()[pri:0, instance:testcase.Testcase_ChangeCatergory@3b0fe47a]" started-at="2023-08-19T02:17:01 ICT" name="test" finished-at="2023-08-19T02:17:04 ICT" duration-ms="3032" status="PASS">
          <reporter-output>
            <line>
              <![CDATA[username entered]]>
            </line>
            <line>
              <![CDATA[password entered]]>
            </line>
            <line>
              <![CDATA[button clicked]]>
            </line>
            <line>
              <![CDATA[login successful]]>
            </line>
            <line>
              <![CDATA[Button Clicked]]>
            </line>
            <line>
              <![CDATA[Button Clicked]]>
            </line>
            <line>
              <![CDATA[discussion created successful]]>
            </line>
            <line>
              <![CDATA[general]]>
            </line>
          </reporter-output>
        </test-method> <!-- test -->
        <test-method is-config="true" signature="afterTest()[pri:0, instance:testcase.Testcase_ChangeCatergory@3b0fe47a]" started-at="2023-08-19T02:17:04 ICT" name="afterTest" finished-at="2023-08-19T02:17:09 ICT" duration-ms="5133" status="PASS">
          <reporter-output>
          </reporter-output>
        </test-method> <!-- afterTest -->
      </class> <!-- testcase.Testcase_ChangeCatergory -->
    </test> <!-- Default test -->
  </suite> <!-- Default suite -->
</testng-results>
